<?xml version="1.0" encoding="UTF-8" ?>
<testsuite tests="1" failures="0" name="com.iucosoft.nighthawk_interteh_service.dao.impl.implconcrete.ContractDaoImplIntegrationTest" time="0.002" errors="1" skipped="0">
  <properties>
    <property name="java.runtime.name" value="Java(TM) SE Runtime Environment"/>
    <property name="sun.boot.library.path" value="C:\Program Files\Java\jdk1.8.0_111\jre\bin"/>
    <property name="java.vm.version" value="25.111-b14"/>
    <property name="java.vm.vendor" value="Oracle Corporation"/>
    <property name="maven.multiModuleProjectDirectory" value="C:\Users\Dorina\Documents\Java_EE_Web\com.iucosoft_nighthawk_interteh_pom_1.0-SNAPSHOT\com.iucosoft_nighthawk_interteh_service_jar_1.0-SNAPSHOT"/>
    <property name="java.vendor.url" value="http://java.oracle.com/"/>
    <property name="path.separator" value=";"/>
    <property name="guice.disable.misplaced.annotation.check" value="true"/>
    <property name="java.vm.name" value="Java HotSpot(TM) 64-Bit Server VM"/>
    <property name="file.encoding.pkg" value="sun.io"/>
    <property name="user.script" value=""/>
    <property name="user.country" value="GB"/>
    <property name="sun.java.launcher" value="SUN_STANDARD"/>
    <property name="sun.os.patch.level" value=""/>
    <property name="java.vm.specification.name" value="Java Virtual Machine Specification"/>
    <property name="user.dir" value="C:\Users\Dorina\Documents\Java_EE_Web\com.iucosoft_nighthawk_interteh_pom_1.0-SNAPSHOT\com.iucosoft_nighthawk_interteh_service_jar_1.0-SNAPSHOT"/>
    <property name="java.runtime.version" value="1.8.0_111-b14"/>
    <property name="java.awt.graphicsenv" value="sun.awt.Win32GraphicsEnvironment"/>
    <property name="java.endorsed.dirs" value="C:\Program Files\Java\jdk1.8.0_111\jre\lib\endorsed"/>
    <property name="os.arch" value="amd64"/>
    <property name="java.io.tmpdir" value="C:\Users\Dorina\AppData\Local\Temp\"/>
    <property name="line.separator" value="
"/>
    <property name="java.vm.specification.vendor" value="Oracle Corporation"/>
    <property name="user.variant" value=""/>
    <property name="os.name" value="Windows 10"/>
    <property name="maven.ext.class.path" value="C:\Program Files\NetBeans 8.2\java\maven-nblib\netbeans-eventspy.jar"/>
    <property name="classworlds.conf" value="C:\Program Files\apache-maven-3.8.1\bin\..\bin\m2.conf"/>
    <property name="sun.jnu.encoding" value="Cp1252"/>
    <property name="java.library.path" value="C:\Program Files\Java\jdk1.8.0_111\bin;C:\WINDOWS\Sun\Java\bin;C:\WINDOWS\system32;C:\WINDOWS;C:\Program Files\Common Files\Oracle\Java\javapath;C:\Program Files (x86)\Common Files\Oracle\Java\javapath;C:\WINDOWS\system32;C:\WINDOWS;C:\WINDOWS\System32\Wbem;C:\WINDOWS\System32\WindowsPowerShell\v1.0\;C:\WINDOWS\System32\OpenSSH\;C:\PATH_Programs\;C:\Program Files\Git\cmd;C:\Program Files\apache-maven-3.8.1\bin;C:\Program Files\dotnet\;C:\Users\Dorina\AppData\Local\Microsoft\WindowsApps;C:\Users\Dorina\AppData\Local\Programs\Microsoft VS Code\bin;C:\Users\Dorina\AppData\Local\GitHubDesktop\bin;C:\Users\Dorina\AppData\Local\atom\bin;;%USERPROFILE%\AppData\Local\Microsoft\WindowsApps;."/>
    <property name="maven.conf" value="C:\Program Files\apache-maven-3.8.1\bin\../conf"/>
    <property name="java.specification.name" value="Java Platform API Specification"/>
    <property name="java.class.version" value="52.0"/>
    <property name="sun.management.compiler" value="HotSpot 64-Bit Tiered Compilers"/>
    <property name="os.version" value="10.0"/>
    <property name="library.jansi.path" value="C:\Program Files\apache-maven-3.8.1\bin\..\lib\jansi-native"/>
    <property name="user.home" value="C:\Users\Dorina"/>
    <property name="user.timezone" value="Europe/London"/>
    <property name="java.awt.printerjob" value="sun.awt.windows.WPrinterJob"/>
    <property name="java.specification.version" value="1.8"/>
    <property name="file.encoding" value="UTF-8"/>
    <property name="user.name" value="Dorina"/>
    <property name="java.class.path" value="C:\Program Files\apache-maven-3.8.1\bin\..\boot\plexus-classworlds-2.6.0.jar"/>
    <property name="java.vm.specification.version" value="1.8"/>
    <property name="sun.arch.data.model" value="64"/>
    <property name="java.home" value="C:\Program Files\Java\jdk1.8.0_111\jre"/>
    <property name="sun.java.command" value="org.codehaus.plexus.classworlds.launcher.Launcher -Dmaven.ext.class.path=C:\Program Files\NetBeans 8.2\java\maven-nblib\netbeans-eventspy.jar -Dfile.encoding=UTF-8 clean install"/>
    <property name="java.specification.vendor" value="Oracle Corporation"/>
    <property name="user.language" value="en"/>
    <property name="awt.toolkit" value="sun.awt.windows.WToolkit"/>
    <property name="java.vm.info" value="mixed mode"/>
    <property name="java.version" value="1.8.0_111"/>
    <property name="java.ext.dirs" value="C:\Program Files\Java\jdk1.8.0_111\jre\lib\ext;C:\WINDOWS\Sun\Java\lib\ext"/>
    <property name="sun.boot.class.path" value="C:\Program Files\Java\jdk1.8.0_111\jre\lib\resources.jar;C:\Program Files\Java\jdk1.8.0_111\jre\lib\rt.jar;C:\Program Files\Java\jdk1.8.0_111\jre\lib\sunrsasign.jar;C:\Program Files\Java\jdk1.8.0_111\jre\lib\jsse.jar;C:\Program Files\Java\jdk1.8.0_111\jre\lib\jce.jar;C:\Program Files\Java\jdk1.8.0_111\jre\lib\charsets.jar;C:\Program Files\Java\jdk1.8.0_111\jre\lib\jfr.jar;C:\Program Files\Java\jdk1.8.0_111\jre\classes"/>
    <property name="java.vendor" value="Oracle Corporation"/>
    <property name="maven.home" value="C:\Program Files\apache-maven-3.8.1\bin\.."/>
    <property name="file.separator" value="\"/>
    <property name="java.vendor.url.bug" value="http://bugreport.sun.com/bugreport/"/>
    <property name="sun.cpu.endian" value="little"/>
    <property name="sun.io.unicode.encoding" value="UnicodeLittle"/>
    <property name="sun.desktop" value="windows"/>
    <property name="sun.cpu.isalist" value="amd64"/>
  </properties>
  <testcase classname="com.iucosoft.nighthawk_interteh_service.dao.impl.implconcrete.ContractDaoImplIntegrationTest" name="testSomeMethod" time="0.002">
    <error message="could not execute statement" type="org.hibernate.exception.ConstraintViolationException">org.hibernate.exception.ConstraintViolationException: could not execute statement
	at org.hibernate.exception.internal.SQLStateConversionDelegate.convert(SQLStateConversionDelegate.java:112)
	at org.hibernate.exception.internal.StandardSQLExceptionConverter.convert(StandardSQLExceptionConverter.java:42)
	at org.hibernate.engine.jdbc.spi.SqlExceptionHelper.convert(SqlExceptionHelper.java:111)
	at org.hibernate.engine.jdbc.spi.SqlExceptionHelper.convert(SqlExceptionHelper.java:97)
	at org.hibernate.engine.jdbc.internal.ResultSetReturnImpl.executeUpdate(ResultSetReturnImpl.java:178)
	at org.hibernate.dialect.identity.GetGeneratedKeysDelegate.executeAndExtract(GetGeneratedKeysDelegate.java:57)
	at org.hibernate.id.insert.AbstractReturningDelegate.performInsert(AbstractReturningDelegate.java:42)
	at org.hibernate.persister.entity.AbstractEntityPersister.insert(AbstractEntityPersister.java:2919)
	at org.hibernate.persister.entity.AbstractEntityPersister.insert(AbstractEntityPersister.java:3490)
	at org.hibernate.action.internal.EntityIdentityInsertAction.execute(EntityIdentityInsertAction.java:81)
	at org.hibernate.engine.spi.ActionQueue.execute(ActionQueue.java:626)
	at org.hibernate.engine.spi.ActionQueue.addResolvedEntityInsertAction(ActionQueue.java:280)
	at org.hibernate.engine.spi.ActionQueue.addInsertAction(ActionQueue.java:261)
	at org.hibernate.engine.spi.ActionQueue.addAction(ActionQueue.java:306)
	at org.hibernate.event.internal.AbstractSaveEventListener.addInsertAction(AbstractSaveEventListener.java:318)
	at org.hibernate.event.internal.AbstractSaveEventListener.performSaveOrReplicate(AbstractSaveEventListener.java:275)
	at org.hibernate.event.internal.AbstractSaveEventListener.performSave(AbstractSaveEventListener.java:182)
	at org.hibernate.event.internal.AbstractSaveEventListener.saveWithGeneratedId(AbstractSaveEventListener.java:113)
	at org.hibernate.event.internal.DefaultSaveOrUpdateEventListener.saveWithGeneratedOrRequestedId(DefaultSaveOrUpdateEventListener.java:192)
	at org.hibernate.event.internal.DefaultSaveEventListener.saveWithGeneratedOrRequestedId(DefaultSaveEventListener.java:38)
	at org.hibernate.event.internal.DefaultSaveOrUpdateEventListener.entityIsTransient(DefaultSaveOrUpdateEventListener.java:177)
	at org.hibernate.event.internal.DefaultSaveEventListener.performSaveOrUpdate(DefaultSaveEventListener.java:32)
	at org.hibernate.event.internal.DefaultSaveOrUpdateEventListener.onSaveOrUpdate(DefaultSaveOrUpdateEventListener.java:73)
	at org.hibernate.internal.SessionImpl.fireSave(SessionImpl.java:691)
	at org.hibernate.internal.SessionImpl.save(SessionImpl.java:683)
	at org.hibernate.internal.SessionImpl.save(SessionImpl.java:678)
	at com.iucosoft.nighthawk_interteh_service.dao.impl.GenericDaoHibernateAbstractImpl.save(GenericDaoHibernateAbstractImpl.java:71)
	at com.iucosoft.nighthawk_interteh_service.dao.impl.GenericDaoHibernateAbstractImpl.save(GenericDaoHibernateAbstractImpl.java:33)
	at sun.reflect.NativeMethodAccessorImpl.invoke0(Native Method)
	at sun.reflect.NativeMethodAccessorImpl.invoke(NativeMethodAccessorImpl.java:62)
	at sun.reflect.DelegatingMethodAccessorImpl.invoke(DelegatingMethodAccessorImpl.java:43)
	at java.lang.reflect.Method.invoke(Method.java:498)
	at org.springframework.aop.support.AopUtils.invokeJoinpointUsingReflection(AopUtils.java:344)
	at org.springframework.aop.framework.ReflectiveMethodInvocation.invokeJoinpoint(ReflectiveMethodInvocation.java:198)
	at org.springframework.aop.framework.ReflectiveMethodInvocation.proceed(ReflectiveMethodInvocation.java:163)
	at org.springframework.transaction.interceptor.TransactionAspectSupport.invokeWithinTransaction(TransactionAspectSupport.java:366)
	at org.springframework.transaction.interceptor.TransactionInterceptor.invoke(TransactionInterceptor.java:118)
	at org.springframework.aop.framework.ReflectiveMethodInvocation.proceed(ReflectiveMethodInvocation.java:186)
	at org.springframework.aop.framework.JdkDynamicAopProxy.invoke(JdkDynamicAopProxy.java:212)
	at com.sun.proxy.$Proxy71.save(Unknown Source)
	at com.iucosoft.nighthawk_interteh_service.dao.impl.implconcrete.ContractDaoImplIntegrationTest.setUp(ContractDaoImplIntegrationTest.java:54)
	at sun.reflect.NativeMethodAccessorImpl.invoke0(Native Method)
	at sun.reflect.NativeMethodAccessorImpl.invoke(NativeMethodAccessorImpl.java:62)
	at sun.reflect.DelegatingMethodAccessorImpl.invoke(DelegatingMethodAccessorImpl.java:43)
	at java.lang.reflect.Method.invoke(Method.java:498)
	at org.junit.runners.model.FrameworkMethod$1.runReflectiveCall(FrameworkMethod.java:50)
	at org.junit.internal.runners.model.ReflectiveCallable.run(ReflectiveCallable.java:12)
	at org.junit.runners.model.FrameworkMethod.invokeExplosively(FrameworkMethod.java:47)
	at org.junit.internal.runners.statements.RunBefores.evaluate(RunBefores.java:24)
	at org.springframework.test.context.junit4.statements.RunBeforeTestMethodCallbacks.evaluate(RunBeforeTestMethodCallbacks.java:75)
	at org.junit.internal.runners.statements.RunAfters.evaluate(RunAfters.java:27)
	at org.springframework.test.context.junit4.statements.RunAfterTestMethodCallbacks.evaluate(RunAfterTestMethodCallbacks.java:86)
	at org.springframework.test.context.junit4.statements.SpringRepeat.evaluate(SpringRepeat.java:84)
	at org.junit.runners.ParentRunner.runLeaf(ParentRunner.java:325)
	at org.springframework.test.context.junit4.SpringJUnit4ClassRunner.runChild(SpringJUnit4ClassRunner.java:251)
	at org.springframework.test.context.junit4.SpringJUnit4ClassRunner.runChild(SpringJUnit4ClassRunner.java:97)
	at org.junit.runners.ParentRunner$3.run(ParentRunner.java:290)
	at org.junit.runners.ParentRunner$1.schedule(ParentRunner.java:71)
	at org.junit.runners.ParentRunner.runChildren(ParentRunner.java:288)
	at org.junit.runners.ParentRunner.access$000(ParentRunner.java:58)
	at org.junit.runners.ParentRunner$2.evaluate(ParentRunner.java:268)
	at org.springframework.test.context.junit4.statements.RunBeforeTestClassCallbacks.evaluate(RunBeforeTestClassCallbacks.java:61)
	at org.springframework.test.context.junit4.statements.RunAfterTestClassCallbacks.evaluate(RunAfterTestClassCallbacks.java:70)
	at org.junit.runners.ParentRunner.run(ParentRunner.java:363)
	at org.springframework.test.context.junit4.SpringJUnit4ClassRunner.run(SpringJUnit4ClassRunner.java:190)
	at org.apache.maven.surefire.junit4.JUnit4Provider.execute(JUnit4Provider.java:252)
	at org.apache.maven.surefire.junit4.JUnit4Provider.executeTestSet(JUnit4Provider.java:141)
	at org.apache.maven.surefire.junit4.JUnit4Provider.invoke(JUnit4Provider.java:112)
	at sun.reflect.NativeMethodAccessorImpl.invoke0(Native Method)
	at sun.reflect.NativeMethodAccessorImpl.invoke(NativeMethodAccessorImpl.java:62)
	at sun.reflect.DelegatingMethodAccessorImpl.invoke(DelegatingMethodAccessorImpl.java:43)
	at java.lang.reflect.Method.invoke(Method.java:498)
	at org.apache.maven.surefire.util.ReflectionUtils.invokeMethodWithArray(ReflectionUtils.java:189)
	at org.apache.maven.surefire.booter.ProviderFactory$ProviderProxy.invoke(ProviderFactory.java:165)
	at org.apache.maven.surefire.booter.ProviderFactory.invokeProvider(ProviderFactory.java:85)
	at org.apache.maven.surefire.booter.ForkedBooter.runSuitesInProcess(ForkedBooter.java:115)
	at org.apache.maven.surefire.booter.ForkedBooter.main(ForkedBooter.java:75)
Caused by: com.mysql.jdbc.exceptions.MySQLIntegrityConstraintViolationException: Cannot add or update a child row: a foreign key constraint fails (`nighthawk_interteh`.`contract`, CONSTRAINT `FKtavm7egsn96jw4kq4biybsaow` FOREIGN KEY (`Subcontractor_ID`) REFERENCES `subcontractor` (`ID_Subcontractor`))
	at com.mysql.jdbc.SQLError.createSQLException(SQLError.java:931)
	at com.mysql.jdbc.MysqlIO.checkErrorPacket(MysqlIO.java:2870)
	at com.mysql.jdbc.MysqlIO.sendCommand(MysqlIO.java:1573)
	at com.mysql.jdbc.ServerPreparedStatement.serverExecute(ServerPreparedStatement.java:1160)
	at com.mysql.jdbc.ServerPreparedStatement.executeInternal(ServerPreparedStatement.java:685)
	at com.mysql.jdbc.PreparedStatement.executeUpdate(PreparedStatement.java:1400)
	at com.mysql.jdbc.PreparedStatement.executeUpdate(PreparedStatement.java:1314)
	at com.mysql.jdbc.PreparedStatement.executeUpdate(PreparedStatement.java:1299)
	at org.hibernate.engine.jdbc.internal.ResultSetReturnImpl.executeUpdate(ResultSetReturnImpl.java:175)
	... 72 more
</error>
    <system-out>Hibernate: 
    insert 
    into
        employercompany
        (Client_Company_Address, Client_Company_Description, Client_Company_Name, Client_Company_Type) 
    values
        (?, ?, ?, ?)
Hibernate: 
    insert 
    into
        nighthawkinterteh
        (Company_Address, Company_Description, Company_Name, Company_Type) 
    values
        (?, ?, ?, ?)
Hibernate: 
    insert 
    into
        contract
        (Contract_Description, Contract_Name, Contract_Project_ID, Contract_Type, Client_Company_ID, Company_ID, Subcontractor_ID) 
    values
        (?, ?, ?, ?, ?, ?, ?)
2023-40-10 20:40 - &amp;#27;[31m[ERROR]&amp;#27;[m org.hibernate.engine.jdbc.spi.SqlExceptionHelper#131 - Cannot add or update a child row: a foreign key constraint fails (`nighthawk_interteh`.`contract`, CONSTRAINT `FKtavm7egsn96jw4kq4biybsaow` FOREIGN KEY (`Subcontractor_ID`) REFERENCES `subcontractor` (`ID_Subcontractor`)) 
2023-40-10 20:40 - &amp;#27;[31m[ERROR]&amp;#27;[m org.hibernate.engine.jdbc.spi.SqlExceptionHelper#131 - Cannot add or update a child row: a foreign key constraint fails (`nighthawk_interteh`.`contract`, CONSTRAINT `FKtavm7egsn96jw4kq4biybsaow` FOREIGN KEY (`Subcontractor_ID`) REFERENCES `subcontractor` (`ID_Subcontractor`)) 
Hibernate: 
    select
        contract0_.ID_Contract as ID_Contr1_3_0_,
        contract0_.Contract_Description as Contract2_3_0_,
        contract0_.Contract_Name as Contract3_3_0_,
        contract0_.Contract_Project_ID as Contract4_3_0_,
        contract0_.Contract_Type as Contract5_3_0_,
        contract0_.Client_Company_ID as Client_C6_3_0_,
        contract0_.Company_ID as Company_7_3_0_,
        contract0_.Subcontractor_ID as Subcontr8_3_0_,
        contractpr1_.Contract_ID as Contract1_4_1_,
        contractpr1_.Project_ID as Project_2_4_1_,
        contractpr1_.Contract_ID as Contract1_4_2_,
        contractpr1_.Project_ID as Project_2_4_2_,
        project2_.ID_Project as ID_Proje1_15_3_,
        project2_.account_ID_Account as account_9_15_3_,
        project2_.List_Of_Contracts as List_Of_2_15_3_,
        project2_.Project_Company_ID as Project_3_15_3_,
        project2_.Project_Description as Project_4_15_3_,
        project2_.Project_Name as Project_5_15_3_,
        project2_.Project_Start_Date as Project_6_15_3_,
        project2_.Project_Status as Project_7_15_3_,
        project2_.Project_Type as Project_8_15_3_,
        employerco3_.ID_Client_Company as ID_Clien1_5_4_,
        employerco3_.Client_Company_Address as Client_C2_5_4_,
        employerco3_.Client_Company_Description as Client_C3_5_4_,
        employerco3_.Client_Company_Name as Client_C4_5_4_,
        employerco3_.Client_Company_Type as Client_C5_5_4_,
        nighthawki4_.ID_Company as ID_Compa1_8_5_,
        nighthawki4_.Company_Address as Company_2_8_5_,
        nighthawki4_.Company_Description as Company_3_8_5_,
        nighthawki4_.Company_Name as Company_4_8_5_,
        nighthawki4_.Company_Type as Company_5_8_5_,
        subcontrac5_.ID_Subcontractor as ID_Subco1_16_6_,
        subcontrac5_.Subcontractor_Address as Subcontr2_16_6_,
        subcontrac5_.Subcontractor_Date_Of_Birth as Subcontr3_16_6_,
        subcontrac5_.Subcontractor_Email as Subcontr4_16_6_,
        subcontrac5_.Subcontractor_Name as Subcontr5_16_6_,
        subcontrac5_.User_Id as User_Id6_16_6_,
        nwuser6_.ID_User as ID_User1_10_7_,
        nwuser6_.Active as Active2_10_7_,
        nwuser6_.Password as Password3_10_7_,
        nwuser6_.User_Role_ID as User_Rol5_10_7_,
        nwuser6_.Username as Username4_10_7_ 
    from
        contract contract0_ 
    left outer join
        contract_project contractpr1_ 
            on contract0_.ID_Contract=contractpr1_.Contract_ID 
    left outer join
        project project2_ 
            on contractpr1_.Project_ID=project2_.ID_Project 
    inner join
        employercompany employerco3_ 
            on contract0_.Client_Company_ID=employerco3_.ID_Client_Company 
    inner join
        nighthawkinterteh nighthawki4_ 
            on contract0_.Company_ID=nighthawki4_.ID_Company 
    inner join
        subcontractor subcontrac5_ 
            on contract0_.Subcontractor_ID=subcontrac5_.ID_Subcontractor 
    inner join
        nwuser nwuser6_ 
            on subcontrac5_.User_Id=nwuser6_.ID_User 
    where
        contract0_.ID_Contract=?
Hibernate: 
    select
        nighthawki0_.ID_Company as ID_Compa1_8_0_,
        nighthawki0_.Company_Address as Company_2_8_0_,
        nighthawki0_.Company_Description as Company_3_8_0_,
        nighthawki0_.Company_Name as Company_4_8_0_,
        nighthawki0_.Company_Type as Company_5_8_0_ 
    from
        nighthawkinterteh nighthawki0_ 
    where
        nighthawki0_.ID_Company=?
Hibernate: 
    delete 
    from
        nighthawkinterteh 
    where
        ID_Company=?
Hibernate: 
    select
        employerco0_.ID_Client_Company as ID_Clien1_5_0_,
        employerco0_.Client_Company_Address as Client_C2_5_0_,
        employerco0_.Client_Company_Description as Client_C3_5_0_,
        employerco0_.Client_Company_Name as Client_C4_5_0_,
        employerco0_.Client_Company_Type as Client_C5_5_0_ 
    from
        employercompany employerco0_ 
    where
        employerco0_.ID_Client_Company=?
Hibernate: 
    delete 
    from
        employercompany 
    where
        ID_Client_Company=?
</system-out>
  </testcase>
</testsuite>